2021-11-10 17:18:19,942:INFO:PyCaret TimeSeriesExperiment
2021-11-10 17:18:19,942:INFO:Logging name: ts-default-name
2021-11-10 17:18:19,942:INFO:ML Usecase: MLUsecase.TIME_SERIES
2021-11-10 17:18:19,942:INFO:version 3.0.0
2021-11-10 17:18:19,942:INFO:Initializing setup()
2021-11-10 17:18:19,942:INFO:setup(self=<pycaret.internal.pycaret_experiment.time_series_experiment.TimeSeriesExperiment object at 0x00000207048B9AC0>, target=y, train_size=0.7, test_data=None, preprocess=True, imputation_type=simple, iterative_imputation_iters=5, categorical_features=None, categorical_imputation=mode, categorical_iterative_imputer=lightgbm, ordinal_features=None, high_cardinality_features=None, high_cardinality_method=frequency, numeric_features=None, numeric_imputation=mean, numeric_iterative_imputer=lightgbm, date_features=None, ignore_features=None, normalize=False, normalize_method=zscore, transformation=False, transformation_method=yeo-johnson, handle_unknown_categorical=False, unknown_categorical_method=least_frequent, pca=False, pca_method=linear, pca_components=None, ignore_low_variance=False, combine_rare_levels=False, rare_level_threshold=0.1, bin_numeric_features=None, remove_outliers=False, outliers_threshold=0.05, remove_multicollinearity=False, multicollinearity_threshold=0.9, remove_perfect_collinearity=False, create_clusters=False, cluster_iter=20, polynomial_features=False, polynomial_degree=2, trigonometry_features=False, polynomial_threshold=0.1, group_features=None, group_names=None, feature_selection=False, feature_selection_threshold=0.8, feature_selection_method=classic, feature_interaction=False, feature_ratio=False, interaction_threshold=0.01, fix_imbalance=False, fix_imbalance_method=None, transform_target=False, transform_target_method=box-cox, data_split_shuffle=False, data_split_stratify=False, fold_strategy=expanding, fold=5, fh=[ 1  2  3  4  5  6  7  8  9 10 11 12], fold_shuffle=False, fold_groups=None, n_jobs=-1, use_gpu=False, custom_pipeline=None, html=True, session_id=None, system_log=True, log_experiment=False, experiment_name=None, log_plots=False, log_profile=False, log_data=False, silent=True, seasonal_period=None, verbose=True, profile=False, profile_kwargs=None, display=None)
2021-11-10 17:18:19,942:INFO:Checking environment
2021-11-10 17:18:19,942:INFO:python_version: 3.8.12
2021-11-10 17:18:19,942:INFO:python_build: ('default', 'Oct 12 2021 03:01:40')
2021-11-10 17:18:19,942:INFO:machine: AMD64
2021-11-10 17:18:19,942:INFO:platform: Windows-10-10.0.19042-SP0
2021-11-10 17:18:19,942:WARNING:cannot find psutil installation. memory not traceable. Install psutil using pip to enable memory logging.
2021-11-10 17:18:19,942:INFO:Checking libraries
2021-11-10 17:18:19,942:INFO:pd==1.3.4
2021-11-10 17:18:19,942:INFO:numpy==1.19.5
2021-11-10 17:18:19,942:INFO:sklearn==0.23.2
2021-11-10 17:18:19,942:INFO:lightgbm==3.3.1
2021-11-10 17:18:19,942:WARNING:xgboost not found
2021-11-10 17:18:19,942:WARNING:catboost not found
2021-11-10 17:18:22,156:INFO:mlflow==1.21.0
2021-11-10 17:18:22,156:INFO:Checking Exceptions
2021-11-10 17:18:22,156:INFO:Declaring global variables
2021-11-10 17:18:22,156:INFO:self.USI: f924
2021-11-10 17:18:22,156:INFO:self.variable_keys: {'prep_pipe', 'seed', 'experiment__', 'y', 'y_test', 'fold_generator', '_gpu_n_jobs_param', 'master_model_container', 'logging_param', 'log_plots_param', 'X_test', 'display_container', 'seasonality_present', 'seasonal_period', 'X', 'data_before_preprocess', 'enforce_pi', 'y_train', 'fh', '_available_plots', 'X_train', 'exp_name_log', '_all_metrics', 'html_param', 'fold_groups_param_full', 'exp_id', 'variable_keys', '_all_models', '_internal_pipeline', '_all_models_internal', '_ml_usecase', 'gpu_param', 'fold_param', 'strictly_positive', 'n_jobs_param', 'USI'}
2021-11-10 17:18:22,156:INFO:Preparing display monitor
2021-11-10 17:18:22,156:INFO:Preparing display monitor
2021-11-10 17:18:22,173:INFO:Importing libraries
2021-11-10 17:18:22,173:INFO:Copying data for preprocessing
2021-11-10 17:18:22,180:INFO:Declaring preprocessing parameters
2021-11-10 17:18:22,181:INFO:Creating preprocessing pipeline
2021-11-10 17:18:22,184:INFO:Preprocessing pipeline created successfully
2021-11-10 17:18:22,184:ERROR:(Process Exit): setup has been interupted with user command 'quit'. setup must rerun.
2021-11-10 17:18:22,184:INFO:Creating global containers
2021-11-10 17:18:22,185:INFO:Internal pipeline: Pipeline(memory=None, steps=[('empty_step', 'passthrough')], verbose=False)
2021-11-10 17:18:22,266:WARNING:Couldn't import sktime.forecasting.fbprophet
2021-11-10 17:18:22,268:WARNING:Couldn't import xgboost.XGBRegressor
2021-11-10 17:18:22,268:WARNING:Couldn't import xgboost.XGBRegressor
2021-11-10 17:18:22,269:WARNING:Couldn't import catboost.CatBoostRegressor
2021-11-10 17:18:22,270:WARNING:Couldn't import catboost.CatBoostRegressor
2021-11-10 17:18:22,272:WARNING:Couldn't import sktime.forecasting.fbprophet
2021-11-10 17:18:22,273:WARNING:Couldn't import xgboost.XGBRegressor
2021-11-10 17:18:22,274:WARNING:Couldn't import xgboost.XGBRegressor
2021-11-10 17:18:22,275:WARNING:Couldn't import catboost.CatBoostRegressor
2021-11-10 17:18:22,276:WARNING:Couldn't import catboost.CatBoostRegressor
2021-11-10 17:18:22,276:INFO:Creating grid variables
2021-11-10 17:18:22,339:INFO:self.master_model_container: 0
2021-11-10 17:18:22,339:INFO:self.display_container: 1
2021-11-10 17:18:22,344:INFO:Pipeline(memory=None,
         steps=[('dtypes',
                 DataTypes_Auto_infer(categorical_features=[],
                                      display_types=False, features_todrop=[],
                                      float_dtype='float64', id_columns=[],
                                      ml_usecase='regression',
                                      numerical_features=[], target='y',
                                      time_features=[])),
                ('imputer',
                 Simple_Imputer(categorical_strategy='most frequent',
                                fill_value_categorical='not_available',
                                fill_value_nume...
                ('scaling', 'passthrough'), ('P_transform', 'passthrough'),
                ('binn', 'passthrough'), ('rem_outliers', 'passthrough'),
                ('cluster_all', 'passthrough'), ('dummy', Dummify(target='y')),
                ('fix_perfect', 'passthrough'),
                ('clean_names', Clean_Colum_Names()),
                ('feature_select', 'passthrough'), ('fix_multi', 'passthrough'),
                ('dfs', 'passthrough'), ('pca', 'passthrough')],
         verbose=False)
2021-11-10 17:18:22,344:INFO:setup() successfully completed......................................
2021-11-10 17:38:16,763:INFO:Initializing compare_models()
2021-11-10 17:38:16,763:INFO:compare_models(self=<pycaret.internal.pycaret_experiment.time_series_experiment.TimeSeriesExperiment object at 0x00000207048B9AC0>, include=None, fold=None, round=4, cross_validation=True, sort=SMAPE, n_select=1, budget_time=None, turbo=True, errors=ignore, fit_kwargs=None, groups=None, verbose=True, display=None, exclude=None)
2021-11-10 17:38:16,763:INFO:Checking exceptions
2021-11-10 17:38:16,763:INFO:Preparing display monitor
2021-11-10 17:38:16,763:INFO:Preparing display monitor
2021-11-10 17:38:16,787:INFO:Initializing Naive Forecaster
2021-11-10 17:38:16,787:INFO:Total runtime is 0.0 minutes
2021-11-10 17:38:16,794:INFO:SubProcess create_model() called ==================================
2021-11-10 17:38:16,794:INFO:Initializing create_model()
2021-11-10 17:38:16,794:INFO:create_model(self=<pycaret.internal.pycaret_experiment.time_series_experiment.TimeSeriesExperiment object at 0x00000207048B9AC0>, estimator=naive, fold=None, round=4, cross_validation=True, predict=True, fit_kwargs={}, groups=None, refit=False, verbose=False, system=False, add_to_model_list=True, metrics=None, display=<pycaret.internal.Display.Display object at 0x000002070534D8E0>, kwargs={})
2021-11-10 17:38:16,794:INFO:Checking exceptions
2021-11-10 17:38:16,794:INFO:Importing libraries
2021-11-10 17:38:16,795:INFO:Copying training dataset
2021-11-10 17:38:16,796:INFO:Defining folds
2021-11-10 17:38:16,796:INFO:Declaring metric variables
2021-11-10 17:38:16,802:INFO:Importing untrained model
2021-11-10 17:38:16,811:INFO:Naive Forecaster Imported successfully
2021-11-10 17:38:16,826:INFO:Starting cross validation
2021-11-10 17:38:16,826:INFO:Cross validating with ExpandingWindowSplitter(fh=array([ 1,  2,  3,  4,  5,  6,  7,  8,  9, 10, 11, 12]),
            initial_window=None, step_length=12), n_jobs=-1
2021-11-10 17:38:22,095:INFO:Calculating mean and std
2021-11-10 17:38:22,096:INFO:Creating metrics dataframe
2021-11-10 17:38:22,102:INFO:Uploading results into container
2021-11-10 17:38:22,102:INFO:Uploading model into container now
2021-11-10 17:38:22,102:INFO:master_model_container: 1
2021-11-10 17:38:22,102:INFO:display_container: 2
2021-11-10 17:38:22,102:INFO:NaiveForecaster(sp=1, strategy='last', window_length=None)
2021-11-10 17:38:22,102:INFO:create_model() successfully completed......................................
2021-11-10 17:38:22,192:INFO:SubProcess create_model() end ==================================
2021-11-10 17:38:22,192:INFO:Creating metrics dataframe
2021-11-10 17:38:22,202:INFO:Initializing Grand Means Forecaster
2021-11-10 17:38:22,202:INFO:Total runtime is 0.09025321006774903 minutes
2021-11-10 17:38:22,214:INFO:SubProcess create_model() called ==================================
2021-11-10 17:38:22,214:INFO:Initializing create_model()
2021-11-10 17:38:22,214:INFO:create_model(self=<pycaret.internal.pycaret_experiment.time_series_experiment.TimeSeriesExperiment object at 0x00000207048B9AC0>, estimator=grand_means, fold=None, round=4, cross_validation=True, predict=True, fit_kwargs={}, groups=None, refit=False, verbose=False, system=False, add_to_model_list=True, metrics=None, display=<pycaret.internal.Display.Display object at 0x000002070534D8E0>, kwargs={})
2021-11-10 17:38:22,214:INFO:Checking exceptions
2021-11-10 17:38:22,214:INFO:Importing libraries
2021-11-10 17:38:22,214:INFO:Copying training dataset
2021-11-10 17:38:22,214:INFO:Defining folds
2021-11-10 17:38:22,215:INFO:Declaring metric variables
2021-11-10 17:38:22,221:INFO:Importing untrained model
2021-11-10 17:38:22,227:INFO:Grand Means Forecaster Imported successfully
2021-11-10 17:38:22,241:INFO:Starting cross validation
2021-11-10 17:38:22,241:INFO:Cross validating with ExpandingWindowSplitter(fh=array([ 1,  2,  3,  4,  5,  6,  7,  8,  9, 10, 11, 12]),
            initial_window=None, step_length=12), n_jobs=-1
2021-11-10 17:38:24,627:INFO:Calculating mean and std
2021-11-10 17:38:24,627:INFO:Creating metrics dataframe
2021-11-10 17:38:24,627:INFO:Uploading results into container
2021-11-10 17:38:24,627:INFO:Uploading model into container now
2021-11-10 17:38:24,627:INFO:master_model_container: 2
2021-11-10 17:38:24,627:INFO:display_container: 2
2021-11-10 17:38:24,627:INFO:NaiveForecaster(sp=1, strategy='mean', window_length=None)
2021-11-10 17:38:24,627:INFO:create_model() successfully completed......................................
2021-11-10 17:38:24,728:INFO:SubProcess create_model() end ==================================
2021-11-10 17:38:24,728:INFO:Creating metrics dataframe
2021-11-10 17:38:24,752:INFO:Initializing Seasonal Naive Forecaster
2021-11-10 17:38:24,752:INFO:Total runtime is 0.13274594148000082 minutes
2021-11-10 17:38:24,759:INFO:SubProcess create_model() called ==================================
2021-11-10 17:38:24,759:INFO:Initializing create_model()
2021-11-10 17:38:24,759:INFO:create_model(self=<pycaret.internal.pycaret_experiment.time_series_experiment.TimeSeriesExperiment object at 0x00000207048B9AC0>, estimator=snaive, fold=None, round=4, cross_validation=True, predict=True, fit_kwargs={}, groups=None, refit=False, verbose=False, system=False, add_to_model_list=True, metrics=None, display=<pycaret.internal.Display.Display object at 0x000002070534D8E0>, kwargs={})
2021-11-10 17:38:24,759:INFO:Checking exceptions
2021-11-10 17:38:24,759:INFO:Importing libraries
2021-11-10 17:38:24,760:INFO:Copying training dataset
2021-11-10 17:38:24,760:INFO:Defining folds
2021-11-10 17:38:24,760:INFO:Declaring metric variables
2021-11-10 17:38:24,767:INFO:Importing untrained model
2021-11-10 17:38:24,774:INFO:Seasonal Naive Forecaster Imported successfully
2021-11-10 17:38:24,788:INFO:Starting cross validation
2021-11-10 17:38:24,788:INFO:Cross validating with ExpandingWindowSplitter(fh=array([ 1,  2,  3,  4,  5,  6,  7,  8,  9, 10, 11, 12]),
            initial_window=None, step_length=12), n_jobs=-1
2021-11-10 17:38:26,978:INFO:Calculating mean and std
2021-11-10 17:38:26,978:INFO:Creating metrics dataframe
2021-11-10 17:38:26,978:INFO:Uploading results into container
2021-11-10 17:38:26,978:INFO:Uploading model into container now
2021-11-10 17:38:26,978:INFO:master_model_container: 3
2021-11-10 17:38:26,978:INFO:display_container: 2
2021-11-10 17:38:26,978:INFO:NaiveForecaster(sp=12, strategy='last', window_length=None)
2021-11-10 17:38:26,978:INFO:create_model() successfully completed......................................
2021-11-10 17:38:27,070:INFO:SubProcess create_model() end ==================================
2021-11-10 17:38:27,070:INFO:Creating metrics dataframe
2021-11-10 17:38:27,072:INFO:Initializing Polynomial Trend Forecaster
2021-11-10 17:38:27,072:INFO:Total runtime is 0.1714177409807841 minutes
2021-11-10 17:38:27,091:INFO:SubProcess create_model() called ==================================
2021-11-10 17:38:27,091:INFO:Initializing create_model()
2021-11-10 17:38:27,091:INFO:create_model(self=<pycaret.internal.pycaret_experiment.time_series_experiment.TimeSeriesExperiment object at 0x00000207048B9AC0>, estimator=polytrend, fold=None, round=4, cross_validation=True, predict=True, fit_kwargs={}, groups=None, refit=False, verbose=False, system=False, add_to_model_list=True, metrics=None, display=<pycaret.internal.Display.Display object at 0x000002070534D8E0>, kwargs={})
2021-11-10 17:38:27,091:INFO:Checking exceptions
2021-11-10 17:38:27,092:INFO:Importing libraries
2021-11-10 17:38:27,092:INFO:Copying training dataset
2021-11-10 17:38:27,092:INFO:Defining folds
2021-11-10 17:38:27,092:INFO:Declaring metric variables
2021-11-10 17:38:27,099:INFO:Importing untrained model
2021-11-10 17:38:27,106:INFO:Polynomial Trend Forecaster Imported successfully
2021-11-10 17:38:27,119:INFO:Starting cross validation
2021-11-10 17:38:27,119:INFO:Cross validating with ExpandingWindowSplitter(fh=array([ 1,  2,  3,  4,  5,  6,  7,  8,  9, 10, 11, 12]),
            initial_window=None, step_length=12), n_jobs=-1
2021-11-10 17:38:27,134:INFO:Calculating mean and std
2021-11-10 17:38:27,135:INFO:Creating metrics dataframe
2021-11-10 17:38:27,141:INFO:Uploading results into container
2021-11-10 17:38:27,141:INFO:Uploading model into container now
2021-11-10 17:38:27,142:INFO:master_model_container: 4
2021-11-10 17:38:27,142:INFO:display_container: 2
2021-11-10 17:38:27,142:INFO:PolynomialTrendForecaster(degree=1, regressor=None, with_intercept=True)
2021-11-10 17:38:27,142:INFO:create_model() successfully completed......................................
2021-11-10 17:38:27,261:INFO:SubProcess create_model() end ==================================
2021-11-10 17:38:27,261:INFO:Creating metrics dataframe
2021-11-10 17:38:27,261:INFO:Initializing ARIMA
2021-11-10 17:38:27,261:INFO:Total runtime is 0.17456805308659873 minutes
2021-11-10 17:38:27,282:INFO:SubProcess create_model() called ==================================
2021-11-10 17:38:27,283:INFO:Initializing create_model()
2021-11-10 17:38:27,283:INFO:create_model(self=<pycaret.internal.pycaret_experiment.time_series_experiment.TimeSeriesExperiment object at 0x00000207048B9AC0>, estimator=arima, fold=None, round=4, cross_validation=True, predict=True, fit_kwargs={}, groups=None, refit=False, verbose=False, system=False, add_to_model_list=True, metrics=None, display=<pycaret.internal.Display.Display object at 0x000002070534D8E0>, kwargs={})
2021-11-10 17:38:27,283:INFO:Checking exceptions
2021-11-10 17:38:27,283:INFO:Importing libraries
2021-11-10 17:38:27,283:INFO:Copying training dataset
2021-11-10 17:38:27,283:INFO:Defining folds
2021-11-10 17:38:27,284:INFO:Declaring metric variables
2021-11-10 17:38:27,291:INFO:Importing untrained model
2021-11-10 17:38:27,297:INFO:ARIMA Imported successfully
2021-11-10 17:38:27,311:INFO:Starting cross validation
2021-11-10 17:38:27,311:INFO:Cross validating with ExpandingWindowSplitter(fh=array([ 1,  2,  3,  4,  5,  6,  7,  8,  9, 10, 11, 12]),
            initial_window=None, step_length=12), n_jobs=-1
2021-11-10 17:38:27,497:INFO:Calculating mean and std
2021-11-10 17:38:27,497:INFO:Creating metrics dataframe
2021-11-10 17:38:27,514:INFO:Uploading results into container
2021-11-10 17:38:27,514:INFO:Uploading model into container now
2021-11-10 17:38:27,514:INFO:master_model_container: 5
2021-11-10 17:38:27,514:INFO:display_container: 2
2021-11-10 17:38:27,515:INFO:ARIMA(maxiter=50, method='lbfgs', order=(1, 0, 0), out_of_sample_size=0,
      scoring='mse', scoring_args=None, seasonal_order=(0, 1, 0, 12),
      start_params=None, suppress_warnings=False, trend=None,
      with_intercept=True)
2021-11-10 17:38:27,515:INFO:create_model() successfully completed......................................
2021-11-10 17:38:27,593:INFO:SubProcess create_model() end ==================================
2021-11-10 17:38:27,593:INFO:Creating metrics dataframe
2021-11-10 17:38:27,609:INFO:Initializing Auto ARIMA
2021-11-10 17:38:27,609:INFO:Total runtime is 0.18036749760309856 minutes
2021-11-10 17:38:27,616:INFO:SubProcess create_model() called ==================================
2021-11-10 17:38:27,616:INFO:Initializing create_model()
2021-11-10 17:38:27,616:INFO:create_model(self=<pycaret.internal.pycaret_experiment.time_series_experiment.TimeSeriesExperiment object at 0x00000207048B9AC0>, estimator=auto_arima, fold=None, round=4, cross_validation=True, predict=True, fit_kwargs={}, groups=None, refit=False, verbose=False, system=False, add_to_model_list=True, metrics=None, display=<pycaret.internal.Display.Display object at 0x000002070534D8E0>, kwargs={})
2021-11-10 17:38:27,616:INFO:Checking exceptions
2021-11-10 17:38:27,616:INFO:Importing libraries
2021-11-10 17:38:27,616:INFO:Copying training dataset
2021-11-10 17:38:27,616:INFO:Defining folds
2021-11-10 17:38:27,617:INFO:Declaring metric variables
2021-11-10 17:38:27,623:INFO:Importing untrained model
2021-11-10 17:38:27,630:INFO:Auto ARIMA Imported successfully
2021-11-10 17:38:27,644:INFO:Starting cross validation
2021-11-10 17:38:27,644:INFO:Cross validating with ExpandingWindowSplitter(fh=array([ 1,  2,  3,  4,  5,  6,  7,  8,  9, 10, 11, 12]),
            initial_window=None, step_length=12), n_jobs=-1
2021-11-10 17:39:44,080:INFO:Calculating mean and std
2021-11-10 17:39:44,081:INFO:Creating metrics dataframe
2021-11-10 17:39:44,086:INFO:Uploading results into container
2021-11-10 17:39:44,086:INFO:Uploading model into container now
2021-11-10 17:39:44,086:INFO:master_model_container: 6
2021-11-10 17:39:44,087:INFO:display_container: 2
2021-11-10 17:39:44,087:INFO:AutoARIMA(D=None, alpha=0.05, d=None, error_action='warn',
          information_criterion='aic', max_D=1, max_P=2, max_Q=2, max_d=2,
          max_order=5, max_p=5, max_q=5, maxiter=50, method='lbfgs', n_fits=10,
          n_jobs=1, offset_test_args=None, out_of_sample_size=0, random=False,
          random_state=2864, scoring='mse', scoring_args=None, seasonal=True,
          seasonal_test='ocsb', seasonal_test_args=None, sp=12, start_P=1,
          start_Q=1, start_p=2, start_params=None, ...)
2021-11-10 17:39:44,087:INFO:create_model() successfully completed......................................
2021-11-10 17:39:44,166:INFO:SubProcess create_model() end ==================================
2021-11-10 17:39:44,167:INFO:Creating metrics dataframe
2021-11-10 17:39:44,181:INFO:Initializing Exponential Smoothing
2021-11-10 17:39:44,181:INFO:Total runtime is 1.456570609410604 minutes
2021-11-10 17:39:44,187:INFO:SubProcess create_model() called ==================================
2021-11-10 17:39:44,187:INFO:Initializing create_model()
2021-11-10 17:39:44,187:INFO:create_model(self=<pycaret.internal.pycaret_experiment.time_series_experiment.TimeSeriesExperiment object at 0x00000207048B9AC0>, estimator=exp_smooth, fold=None, round=4, cross_validation=True, predict=True, fit_kwargs={}, groups=None, refit=False, verbose=False, system=False, add_to_model_list=True, metrics=None, display=<pycaret.internal.Display.Display object at 0x000002070534D8E0>, kwargs={})
2021-11-10 17:39:44,187:INFO:Checking exceptions
2021-11-10 17:39:44,188:INFO:Importing libraries
2021-11-10 17:39:44,188:INFO:Copying training dataset
2021-11-10 17:39:44,188:INFO:Defining folds
2021-11-10 17:39:44,189:INFO:Declaring metric variables
2021-11-10 17:39:44,194:INFO:Importing untrained model
2021-11-10 17:39:44,201:INFO:Exponential Smoothing Imported successfully
2021-11-10 17:39:44,214:INFO:Starting cross validation
2021-11-10 17:39:44,214:INFO:Cross validating with ExpandingWindowSplitter(fh=array([ 1,  2,  3,  4,  5,  6,  7,  8,  9, 10, 11, 12]),
            initial_window=None, step_length=12), n_jobs=-1
2021-11-10 17:39:44,409:INFO:Calculating mean and std
2021-11-10 17:39:44,410:INFO:Creating metrics dataframe
2021-11-10 17:39:44,415:INFO:Uploading results into container
2021-11-10 17:39:44,416:INFO:Uploading model into container now
2021-11-10 17:39:44,416:INFO:master_model_container: 7
2021-11-10 17:39:44,416:INFO:display_container: 2
2021-11-10 17:39:44,416:INFO:ExponentialSmoothing(damped_trend=False, initial_level=None,
                     initial_seasonal=None, initial_trend=None,
                     initialization_method='estimated', seasonal='mul', sp=12,
                     trend='add', use_boxcox=None)
2021-11-10 17:39:44,416:INFO:create_model() successfully completed......................................
2021-11-10 17:39:44,521:INFO:SubProcess create_model() end ==================================
2021-11-10 17:39:44,521:INFO:Creating metrics dataframe
2021-11-10 17:39:44,535:INFO:Initializing ETS
2021-11-10 17:39:44,536:INFO:Total runtime is 1.462488603591919 minutes
2021-11-10 17:39:44,542:INFO:SubProcess create_model() called ==================================
2021-11-10 17:39:44,542:INFO:Initializing create_model()
2021-11-10 17:39:44,542:INFO:create_model(self=<pycaret.internal.pycaret_experiment.time_series_experiment.TimeSeriesExperiment object at 0x00000207048B9AC0>, estimator=ets, fold=None, round=4, cross_validation=True, predict=True, fit_kwargs={}, groups=None, refit=False, verbose=False, system=False, add_to_model_list=True, metrics=None, display=<pycaret.internal.Display.Display object at 0x000002070534D8E0>, kwargs={})
2021-11-10 17:39:44,542:INFO:Checking exceptions
2021-11-10 17:39:44,542:INFO:Importing libraries
2021-11-10 17:39:44,542:INFO:Copying training dataset
2021-11-10 17:39:44,543:INFO:Defining folds
2021-11-10 17:39:44,543:INFO:Declaring metric variables
2021-11-10 17:39:44,549:INFO:Importing untrained model
2021-11-10 17:39:44,555:INFO:ETS Imported successfully
2021-11-10 17:39:44,567:INFO:Starting cross validation
2021-11-10 17:39:44,568:INFO:Cross validating with ExpandingWindowSplitter(fh=array([ 1,  2,  3,  4,  5,  6,  7,  8,  9, 10, 11, 12]),
            initial_window=None, step_length=12), n_jobs=-1
2021-11-10 17:39:44,581:INFO:Calculating mean and std
2021-11-10 17:39:44,581:WARNING:create_model() for ets raised an exception or returned all 0.0, trying without fit_kwargs:
2021-11-10 17:39:44,585:WARNING:Traceback (most recent call last):
  File "C:\Users\Araka\AppData\Roaming\Python\Python38\site-packages\pycaret\internal\pycaret_experiment\supervised_experiment.py", line 774, in compare_models
    model, model_fit_time = self.create_model(
  File "C:\Users\Araka\AppData\Roaming\Python\Python38\site-packages\pycaret\internal\pycaret_experiment\time_series_experiment.py", line 1350, in create_model
    return super().create_model(
  File "C:\Users\Araka\AppData\Roaming\Python\Python38\site-packages\pycaret\internal\pycaret_experiment\supervised_experiment.py", line 1544, in create_model
    model, model_fit_time, model_results, avgs_dict = self._create_model_with_cv(
  File "C:\Users\Araka\AppData\Roaming\Python\Python38\site-packages\pycaret\internal\pycaret_experiment\time_series_experiment.py", line 1495, in _create_model_with_cv
    avgs_dict = {k: [np.mean(v), np.std(v)] for k, v in score_dict.items()}
  File "C:\Users\Araka\AppData\Roaming\Python\Python38\site-packages\pycaret\internal\pycaret_experiment\time_series_experiment.py", line 1495, in <dictcomp>
    avgs_dict = {k: [np.mean(v), np.std(v)] for k, v in score_dict.items()}
  File "<__array_function__ internals>", line 5, in mean
  File "C:\Users\Araka\AppData\Roaming\Python\Python38\site-packages\numpy\core\fromnumeric.py", line 3372, in mean
    return _methods._mean(a, axis=axis, dtype=dtype,
  File "C:\Users\Araka\AppData\Roaming\Python\Python38\site-packages\numpy\core\_methods.py", line 160, in _mean
    ret = umr_sum(arr, axis, dtype, out, keepdims)
TypeError: unsupported operand type(s) for +: 'NoneType' and 'NoneType'

2021-11-10 17:39:44,586:INFO:Initializing create_model()
2021-11-10 17:39:44,586:INFO:create_model(self=<pycaret.internal.pycaret_experiment.time_series_experiment.TimeSeriesExperiment object at 0x00000207048B9AC0>, estimator=ets, fold=None, round=4, cross_validation=True, predict=True, fit_kwargs=None, groups=None, refit=False, verbose=False, system=False, add_to_model_list=True, metrics=None, display=<pycaret.internal.Display.Display object at 0x000002070534D8E0>, kwargs={})
2021-11-10 17:39:44,586:INFO:Checking exceptions
2021-11-10 17:39:44,586:INFO:Importing libraries
2021-11-10 17:39:44,586:INFO:Copying training dataset
2021-11-10 17:39:44,587:INFO:Defining folds
2021-11-10 17:39:44,587:INFO:Declaring metric variables
2021-11-10 17:39:44,596:INFO:Importing untrained model
2021-11-10 17:39:44,596:INFO:ETS Imported successfully
2021-11-10 17:39:44,623:INFO:Starting cross validation
2021-11-10 17:39:44,624:INFO:Cross validating with ExpandingWindowSplitter(fh=array([ 1,  2,  3,  4,  5,  6,  7,  8,  9, 10, 11, 12]),
            initial_window=None, step_length=12), n_jobs=-1
2021-11-10 17:39:44,641:INFO:Calculating mean and std
2021-11-10 17:39:44,641:ERROR:create_model() for ets raised an exception or returned all 0.0:
2021-11-10 17:39:44,641:ERROR:Traceback (most recent call last):
  File "C:\Users\Araka\AppData\Roaming\Python\Python38\site-packages\pycaret\internal\pycaret_experiment\supervised_experiment.py", line 774, in compare_models
    model, model_fit_time = self.create_model(
  File "C:\Users\Araka\AppData\Roaming\Python\Python38\site-packages\pycaret\internal\pycaret_experiment\time_series_experiment.py", line 1350, in create_model
    return super().create_model(
  File "C:\Users\Araka\AppData\Roaming\Python\Python38\site-packages\pycaret\internal\pycaret_experiment\supervised_experiment.py", line 1544, in create_model
    model, model_fit_time, model_results, avgs_dict = self._create_model_with_cv(
  File "C:\Users\Araka\AppData\Roaming\Python\Python38\site-packages\pycaret\internal\pycaret_experiment\time_series_experiment.py", line 1495, in _create_model_with_cv
    avgs_dict = {k: [np.mean(v), np.std(v)] for k, v in score_dict.items()}
  File "C:\Users\Araka\AppData\Roaming\Python\Python38\site-packages\pycaret\internal\pycaret_experiment\time_series_experiment.py", line 1495, in <dictcomp>
    avgs_dict = {k: [np.mean(v), np.std(v)] for k, v in score_dict.items()}
  File "<__array_function__ internals>", line 5, in mean
  File "C:\Users\Araka\AppData\Roaming\Python\Python38\site-packages\numpy\core\fromnumeric.py", line 3372, in mean
    return _methods._mean(a, axis=axis, dtype=dtype,
  File "C:\Users\Araka\AppData\Roaming\Python\Python38\site-packages\numpy\core\_methods.py", line 160, in _mean
    ret = umr_sum(arr, axis, dtype, out, keepdims)
TypeError: unsupported operand type(s) for +: 'NoneType' and 'NoneType'

During handling of the above exception, another exception occurred:

Traceback (most recent call last):
  File "C:\Users\Araka\AppData\Roaming\Python\Python38\site-packages\pycaret\internal\pycaret_experiment\supervised_experiment.py", line 801, in compare_models
    model, model_fit_time = self.create_model(
  File "C:\Users\Araka\AppData\Roaming\Python\Python38\site-packages\pycaret\internal\pycaret_experiment\time_series_experiment.py", line 1350, in create_model
    return super().create_model(
  File "C:\Users\Araka\AppData\Roaming\Python\Python38\site-packages\pycaret\internal\pycaret_experiment\supervised_experiment.py", line 1544, in create_model
    model, model_fit_time, model_results, avgs_dict = self._create_model_with_cv(
  File "C:\Users\Araka\AppData\Roaming\Python\Python38\site-packages\pycaret\internal\pycaret_experiment\time_series_experiment.py", line 1495, in _create_model_with_cv
    avgs_dict = {k: [np.mean(v), np.std(v)] for k, v in score_dict.items()}
  File "C:\Users\Araka\AppData\Roaming\Python\Python38\site-packages\pycaret\internal\pycaret_experiment\time_series_experiment.py", line 1495, in <dictcomp>
    avgs_dict = {k: [np.mean(v), np.std(v)] for k, v in score_dict.items()}
  File "<__array_function__ internals>", line 5, in mean
  File "C:\Users\Araka\AppData\Roaming\Python\Python38\site-packages\numpy\core\fromnumeric.py", line 3372, in mean
    return _methods._mean(a, axis=axis, dtype=dtype,
  File "C:\Users\Araka\AppData\Roaming\Python\Python38\site-packages\numpy\core\_methods.py", line 160, in _mean
    ret = umr_sum(arr, axis, dtype, out, keepdims)
TypeError: unsupported operand type(s) for +: 'NoneType' and 'NoneType'

2021-11-10 17:39:44,642:INFO:Initializing Theta Forecaster
2021-11-10 17:39:44,642:INFO:Total runtime is 1.4642523368199667 minutes
2021-11-10 17:39:44,650:INFO:SubProcess create_model() called ==================================
2021-11-10 17:39:44,651:INFO:Initializing create_model()
2021-11-10 17:39:44,651:INFO:create_model(self=<pycaret.internal.pycaret_experiment.time_series_experiment.TimeSeriesExperiment object at 0x00000207048B9AC0>, estimator=theta, fold=None, round=4, cross_validation=True, predict=True, fit_kwargs={}, groups=None, refit=False, verbose=False, system=False, add_to_model_list=True, metrics=None, display=<pycaret.internal.Display.Display object at 0x000002070534D8E0>, kwargs={})
2021-11-10 17:39:44,651:INFO:Checking exceptions
2021-11-10 17:39:44,651:INFO:Importing libraries
2021-11-10 17:39:44,651:INFO:Copying training dataset
2021-11-10 17:39:44,652:INFO:Defining folds
2021-11-10 17:39:44,652:INFO:Declaring metric variables
2021-11-10 17:39:44,662:INFO:Importing untrained model
2021-11-10 17:39:44,673:INFO:Theta Forecaster Imported successfully
2021-11-10 17:39:44,689:INFO:Starting cross validation
2021-11-10 17:39:44,689:INFO:Cross validating with ExpandingWindowSplitter(fh=array([ 1,  2,  3,  4,  5,  6,  7,  8,  9, 10, 11, 12]),
            initial_window=None, step_length=12), n_jobs=-1
2021-11-10 17:39:44,711:INFO:Calculating mean and std
2021-11-10 17:39:44,711:INFO:Creating metrics dataframe
2021-11-10 17:39:44,716:INFO:Uploading results into container
2021-11-10 17:39:44,716:INFO:Uploading model into container now
2021-11-10 17:39:44,716:INFO:master_model_container: 8
2021-11-10 17:39:44,716:INFO:display_container: 2
2021-11-10 17:39:44,717:INFO:ThetaForecaster(deseasonalize=True, initial_level=None, sp=12)
2021-11-10 17:39:44,717:INFO:create_model() successfully completed......................................
2021-11-10 17:39:44,792:INFO:SubProcess create_model() end ==================================
2021-11-10 17:39:44,792:INFO:Creating metrics dataframe
2021-11-10 17:39:44,807:INFO:Initializing Linear w/ Cond. Deseasonalize & Detrending
2021-11-10 17:39:44,807:INFO:Total runtime is 1.4669949928919475 minutes
2021-11-10 17:39:44,813:INFO:SubProcess create_model() called ==================================
2021-11-10 17:39:44,813:INFO:Initializing create_model()
2021-11-10 17:39:44,813:INFO:create_model(self=<pycaret.internal.pycaret_experiment.time_series_experiment.TimeSeriesExperiment object at 0x00000207048B9AC0>, estimator=lr_cds_dt, fold=None, round=4, cross_validation=True, predict=True, fit_kwargs={}, groups=None, refit=False, verbose=False, system=False, add_to_model_list=True, metrics=None, display=<pycaret.internal.Display.Display object at 0x000002070534D8E0>, kwargs={})
2021-11-10 17:39:44,813:INFO:Checking exceptions
2021-11-10 17:39:44,813:INFO:Importing libraries
2021-11-10 17:39:44,813:INFO:Copying training dataset
2021-11-10 17:39:44,814:INFO:Defining folds
2021-11-10 17:39:44,814:INFO:Declaring metric variables
2021-11-10 17:39:44,820:INFO:Importing untrained model
2021-11-10 17:39:44,827:INFO:Linear w/ Cond. Deseasonalize & Detrending Imported successfully
2021-11-10 17:39:44,841:INFO:Starting cross validation
2021-11-10 17:39:44,841:INFO:Cross validating with ExpandingWindowSplitter(fh=array([ 1,  2,  3,  4,  5,  6,  7,  8,  9, 10, 11, 12]),
            initial_window=None, step_length=12), n_jobs=-1
2021-11-10 17:39:44,875:INFO:Calculating mean and std
2021-11-10 17:39:44,876:INFO:Creating metrics dataframe
2021-11-10 17:39:44,881:INFO:Uploading results into container
2021-11-10 17:39:44,881:INFO:Uploading model into container now
2021-11-10 17:39:44,881:INFO:master_model_container: 9
2021-11-10 17:39:44,881:INFO:display_container: 2
2021-11-10 17:39:44,882:INFO:BaseCdsDtForecaster(degree=1, deseasonal_model='additive',
                    regressor=LinearRegression(copy_X=True, fit_intercept=True,
                                               n_jobs=-1, normalize=False),
                    sp=1, window_length=10)
2021-11-10 17:39:44,882:INFO:create_model() successfully completed......................................
2021-11-10 17:39:44,999:INFO:SubProcess create_model() end ==================================
2021-11-10 17:39:44,999:INFO:Creating metrics dataframe
2021-11-10 17:39:45,014:INFO:Initializing Elastic Net w/ Cond. Deseasonalize & Detrending
2021-11-10 17:39:45,014:INFO:Total runtime is 1.4704464316368104 minutes
2021-11-10 17:39:45,021:INFO:SubProcess create_model() called ==================================
2021-11-10 17:39:45,021:INFO:Initializing create_model()
2021-11-10 17:39:45,021:INFO:create_model(self=<pycaret.internal.pycaret_experiment.time_series_experiment.TimeSeriesExperiment object at 0x00000207048B9AC0>, estimator=en_cds_dt, fold=None, round=4, cross_validation=True, predict=True, fit_kwargs={}, groups=None, refit=False, verbose=False, system=False, add_to_model_list=True, metrics=None, display=<pycaret.internal.Display.Display object at 0x000002070534D8E0>, kwargs={})
2021-11-10 17:39:45,021:INFO:Checking exceptions
2021-11-10 17:39:45,021:INFO:Importing libraries
2021-11-10 17:39:45,021:INFO:Copying training dataset
2021-11-10 17:39:45,022:INFO:Defining folds
2021-11-10 17:39:45,022:INFO:Declaring metric variables
2021-11-10 17:39:45,028:INFO:Importing untrained model
2021-11-10 17:39:45,035:INFO:Elastic Net w/ Cond. Deseasonalize & Detrending Imported successfully
2021-11-10 17:39:45,048:INFO:Starting cross validation
2021-11-10 17:39:45,048:INFO:Cross validating with ExpandingWindowSplitter(fh=array([ 1,  2,  3,  4,  5,  6,  7,  8,  9, 10, 11, 12]),
            initial_window=None, step_length=12), n_jobs=-1
2021-11-10 17:39:45,071:INFO:Calculating mean and std
2021-11-10 17:39:45,072:INFO:Creating metrics dataframe
2021-11-10 17:39:45,077:INFO:Uploading results into container
2021-11-10 17:39:45,077:INFO:Uploading model into container now
2021-11-10 17:39:45,077:INFO:master_model_container: 10
2021-11-10 17:39:45,077:INFO:display_container: 2
2021-11-10 17:39:45,078:INFO:BaseCdsDtForecaster(degree=1, deseasonal_model='additive',
                    regressor=ElasticNet(alpha=1.0, copy_X=True,
                                         fit_intercept=True, l1_ratio=0.5,
                                         max_iter=1000, normalize=False,
                                         positive=False, precompute=False,
                                         random_state=2864, selection='cyclic',
                                         tol=0.0001, warm_start=False),
                    sp=1, window_length=10)
2021-11-10 17:39:45,078:INFO:create_model() successfully completed......................................
2021-11-10 17:39:45,145:INFO:SubProcess create_model() end ==================================
2021-11-10 17:39:45,145:INFO:Creating metrics dataframe
2021-11-10 17:39:45,161:INFO:Initializing Ridge w/ Cond. Deseasonalize & Detrending
2021-11-10 17:39:45,161:INFO:Total runtime is 1.4728978395462038 minutes
2021-11-10 17:39:45,161:INFO:SubProcess create_model() called ==================================
2021-11-10 17:39:45,161:INFO:Initializing create_model()
2021-11-10 17:39:45,161:INFO:create_model(self=<pycaret.internal.pycaret_experiment.time_series_experiment.TimeSeriesExperiment object at 0x00000207048B9AC0>, estimator=ridge_cds_dt, fold=None, round=4, cross_validation=True, predict=True, fit_kwargs={}, groups=None, refit=False, verbose=False, system=False, add_to_model_list=True, metrics=None, display=<pycaret.internal.Display.Display object at 0x000002070534D8E0>, kwargs={})
2021-11-10 17:39:45,161:INFO:Checking exceptions
2021-11-10 17:39:45,161:INFO:Importing libraries
2021-11-10 17:39:45,161:INFO:Copying training dataset
2021-11-10 17:39:45,161:INFO:Defining folds
2021-11-10 17:39:45,161:INFO:Declaring metric variables
2021-11-10 17:39:45,176:INFO:Importing untrained model
2021-11-10 17:39:45,176:INFO:Ridge w/ Cond. Deseasonalize & Detrending Imported successfully
2021-11-10 17:39:45,198:INFO:Starting cross validation
2021-11-10 17:39:45,198:INFO:Cross validating with ExpandingWindowSplitter(fh=array([ 1,  2,  3,  4,  5,  6,  7,  8,  9, 10, 11, 12]),
            initial_window=None, step_length=12), n_jobs=-1
2021-11-10 17:39:45,222:INFO:Calculating mean and std
2021-11-10 17:39:45,223:INFO:Creating metrics dataframe
2021-11-10 17:39:45,228:INFO:Uploading results into container
2021-11-10 17:39:45,228:INFO:Uploading model into container now
2021-11-10 17:39:45,228:INFO:master_model_container: 11
2021-11-10 17:39:45,228:INFO:display_container: 2
2021-11-10 17:39:45,229:INFO:BaseCdsDtForecaster(degree=1, deseasonal_model='additive',
                    regressor=Ridge(alpha=1.0, copy_X=True, fit_intercept=True,
                                    max_iter=None, normalize=False,
                                    random_state=2864, solver='auto',
                                    tol=0.001),
                    sp=1, window_length=10)
2021-11-10 17:39:45,229:INFO:create_model() successfully completed......................................
2021-11-10 17:39:45,312:INFO:SubProcess create_model() end ==================================
2021-11-10 17:39:45,312:INFO:Creating metrics dataframe
2021-11-10 17:39:45,327:INFO:Initializing Lasso w/ Cond. Deseasonalize & Detrending
2021-11-10 17:39:45,328:INFO:Total runtime is 1.4756888469060263 minutes
2021-11-10 17:39:45,335:INFO:SubProcess create_model() called ==================================
2021-11-10 17:39:45,335:INFO:Initializing create_model()
2021-11-10 17:39:45,335:INFO:create_model(self=<pycaret.internal.pycaret_experiment.time_series_experiment.TimeSeriesExperiment object at 0x00000207048B9AC0>, estimator=lasso_cds_dt, fold=None, round=4, cross_validation=True, predict=True, fit_kwargs={}, groups=None, refit=False, verbose=False, system=False, add_to_model_list=True, metrics=None, display=<pycaret.internal.Display.Display object at 0x000002070534D8E0>, kwargs={})
2021-11-10 17:39:45,336:INFO:Checking exceptions
2021-11-10 17:39:45,336:INFO:Importing libraries
2021-11-10 17:39:45,336:INFO:Copying training dataset
2021-11-10 17:39:45,336:INFO:Defining folds
2021-11-10 17:39:45,336:INFO:Declaring metric variables
2021-11-10 17:39:45,343:INFO:Importing untrained model
2021-11-10 17:39:45,350:INFO:Lasso w/ Cond. Deseasonalize & Detrending Imported successfully
2021-11-10 17:39:45,363:INFO:Starting cross validation
2021-11-10 17:39:45,364:INFO:Cross validating with ExpandingWindowSplitter(fh=array([ 1,  2,  3,  4,  5,  6,  7,  8,  9, 10, 11, 12]),
            initial_window=None, step_length=12), n_jobs=-1
2021-11-10 17:39:45,388:INFO:Calculating mean and std
2021-11-10 17:39:45,389:INFO:Creating metrics dataframe
2021-11-10 17:39:45,394:INFO:Uploading results into container
2021-11-10 17:39:45,394:INFO:Uploading model into container now
2021-11-10 17:39:45,394:INFO:master_model_container: 12
2021-11-10 17:39:45,395:INFO:display_container: 2
2021-11-10 17:39:45,396:INFO:BaseCdsDtForecaster(degree=1, deseasonal_model='additive',
                    regressor=Lasso(alpha=1.0, copy_X=True, fit_intercept=True,
                                    max_iter=1000, normalize=False,
                                    positive=False, precompute=False,
                                    random_state=2864, selection='cyclic',
                                    tol=0.0001, warm_start=False),
                    sp=1, window_length=10)
2021-11-10 17:39:45,396:INFO:create_model() successfully completed......................................
2021-11-10 17:39:45,487:INFO:SubProcess create_model() end ==================================
2021-11-10 17:39:45,487:INFO:Creating metrics dataframe
2021-11-10 17:39:45,502:INFO:Initializing Least Angular Regressor w/ Cond. Deseasonalize & Detrending
2021-11-10 17:39:45,503:INFO:Total runtime is 1.4785977244377138 minutes
2021-11-10 17:39:45,512:INFO:SubProcess create_model() called ==================================
2021-11-10 17:39:45,512:INFO:Initializing create_model()
2021-11-10 17:39:45,512:INFO:create_model(self=<pycaret.internal.pycaret_experiment.time_series_experiment.TimeSeriesExperiment object at 0x00000207048B9AC0>, estimator=lar_cds_dt, fold=None, round=4, cross_validation=True, predict=True, fit_kwargs={}, groups=None, refit=False, verbose=False, system=False, add_to_model_list=True, metrics=None, display=<pycaret.internal.Display.Display object at 0x000002070534D8E0>, kwargs={})
2021-11-10 17:39:45,512:INFO:Checking exceptions
2021-11-10 17:39:45,513:INFO:Importing libraries
2021-11-10 17:39:45,513:INFO:Copying training dataset
2021-11-10 17:39:45,514:INFO:Defining folds
2021-11-10 17:39:45,514:INFO:Declaring metric variables
2021-11-10 17:39:45,525:INFO:Importing untrained model
2021-11-10 17:39:45,532:INFO:Least Angular Regressor w/ Cond. Deseasonalize & Detrending Imported successfully
2021-11-10 17:39:45,546:INFO:Starting cross validation
2021-11-10 17:39:45,546:INFO:Cross validating with ExpandingWindowSplitter(fh=array([ 1,  2,  3,  4,  5,  6,  7,  8,  9, 10, 11, 12]),
            initial_window=None, step_length=12), n_jobs=-1
2021-11-10 17:39:45,571:INFO:Calculating mean and std
2021-11-10 17:39:45,571:INFO:Creating metrics dataframe
2021-11-10 17:39:45,577:INFO:Uploading results into container
2021-11-10 17:39:45,577:INFO:Uploading model into container now
2021-11-10 17:39:45,577:INFO:master_model_container: 13
2021-11-10 17:39:45,577:INFO:display_container: 2
2021-11-10 17:39:45,578:INFO:BaseCdsDtForecaster(degree=1, deseasonal_model='additive',
                    regressor=Lars(copy_X=True, eps=2.220446049250313e-16,
                                   fit_intercept=True, fit_path=True,
                                   jitter=None, n_nonzero_coefs=500,
                                   normalize=True, precompute='auto',
                                   random_state=2864, verbose=False),
                    sp=1, window_length=10)
2021-11-10 17:39:45,578:INFO:create_model() successfully completed......................................
2021-11-10 17:39:45,685:INFO:SubProcess create_model() end ==================================
2021-11-10 17:39:45,685:INFO:Creating metrics dataframe
2021-11-10 17:39:45,700:INFO:Initializing Lasso Least Angular Regressor w/ Cond. Deseasonalize & Detrending
2021-11-10 17:39:45,700:INFO:Total runtime is 1.4818813641866049 minutes
2021-11-10 17:39:45,706:INFO:SubProcess create_model() called ==================================
2021-11-10 17:39:45,706:INFO:Initializing create_model()
2021-11-10 17:39:45,707:INFO:create_model(self=<pycaret.internal.pycaret_experiment.time_series_experiment.TimeSeriesExperiment object at 0x00000207048B9AC0>, estimator=llar_cds_dt, fold=None, round=4, cross_validation=True, predict=True, fit_kwargs={}, groups=None, refit=False, verbose=False, system=False, add_to_model_list=True, metrics=None, display=<pycaret.internal.Display.Display object at 0x000002070534D8E0>, kwargs={})
2021-11-10 17:39:45,707:INFO:Checking exceptions
2021-11-10 17:39:45,707:INFO:Importing libraries
2021-11-10 17:39:45,707:INFO:Copying training dataset
2021-11-10 17:39:45,707:INFO:Defining folds
2021-11-10 17:39:45,707:INFO:Declaring metric variables
2021-11-10 17:39:45,713:INFO:Importing untrained model
2021-11-10 17:39:45,720:INFO:Lasso Least Angular Regressor w/ Cond. Deseasonalize & Detrending Imported successfully
2021-11-10 17:39:45,727:INFO:Starting cross validation
2021-11-10 17:39:45,727:INFO:Cross validating with ExpandingWindowSplitter(fh=array([ 1,  2,  3,  4,  5,  6,  7,  8,  9, 10, 11, 12]),
            initial_window=None, step_length=12), n_jobs=-1
2021-11-10 17:39:45,743:INFO:Calculating mean and std
2021-11-10 17:39:45,743:INFO:Creating metrics dataframe
2021-11-10 17:39:45,759:INFO:Uploading results into container
2021-11-10 17:39:45,759:INFO:Uploading model into container now
2021-11-10 17:39:45,759:INFO:master_model_container: 14
2021-11-10 17:39:45,759:INFO:display_container: 2
2021-11-10 17:39:45,759:INFO:BaseCdsDtForecaster(degree=1, deseasonal_model='additive',
                    regressor=LassoLars(alpha=1.0, copy_X=True,
                                        eps=2.220446049250313e-16,
                                        fit_intercept=True, fit_path=True,
                                        jitter=None, max_iter=500,
                                        normalize=True, positive=False,
                                        precompute='auto', random_state=2864,
                                        verbose=False),
                    sp=1, window_length=10)
2021-11-10 17:39:45,759:INFO:create_model() successfully completed......................................
2021-11-10 17:39:45,868:INFO:SubProcess create_model() end ==================================
2021-11-10 17:39:45,868:INFO:Creating metrics dataframe
2021-11-10 17:39:45,883:INFO:Initializing Bayesian Ridge w/ Cond. Deseasonalize & Detrending
2021-11-10 17:39:45,883:INFO:Total runtime is 1.4849404493967693 minutes
2021-11-10 17:39:45,899:INFO:SubProcess create_model() called ==================================
2021-11-10 17:39:45,901:INFO:Initializing create_model()
2021-11-10 17:39:45,901:INFO:create_model(self=<pycaret.internal.pycaret_experiment.time_series_experiment.TimeSeriesExperiment object at 0x00000207048B9AC0>, estimator=br_cds_dt, fold=None, round=4, cross_validation=True, predict=True, fit_kwargs={}, groups=None, refit=False, verbose=False, system=False, add_to_model_list=True, metrics=None, display=<pycaret.internal.Display.Display object at 0x000002070534D8E0>, kwargs={})
2021-11-10 17:39:45,901:INFO:Checking exceptions
2021-11-10 17:39:45,901:INFO:Importing libraries
2021-11-10 17:39:45,901:INFO:Copying training dataset
2021-11-10 17:39:45,901:INFO:Defining folds
2021-11-10 17:39:45,901:INFO:Declaring metric variables
2021-11-10 17:39:45,901:INFO:Importing untrained model
2021-11-10 17:39:45,901:INFO:Bayesian Ridge w/ Cond. Deseasonalize & Detrending Imported successfully
2021-11-10 17:39:45,917:INFO:Starting cross validation
2021-11-10 17:39:45,917:INFO:Cross validating with ExpandingWindowSplitter(fh=array([ 1,  2,  3,  4,  5,  6,  7,  8,  9, 10, 11, 12]),
            initial_window=None, step_length=12), n_jobs=-1
2021-11-10 17:39:45,948:INFO:Calculating mean and std
2021-11-10 17:39:45,948:INFO:Creating metrics dataframe
2021-11-10 17:39:45,959:INFO:Uploading results into container
2021-11-10 17:39:45,959:INFO:Uploading model into container now
2021-11-10 17:39:45,959:INFO:master_model_container: 15
2021-11-10 17:39:45,959:INFO:display_container: 2
2021-11-10 17:39:45,960:INFO:BaseCdsDtForecaster(degree=1, deseasonal_model='additive',
                    regressor=BayesianRidge(alpha_1=1e-06, alpha_2=1e-06,
                                            alpha_init=None,
                                            compute_score=False, copy_X=True,
                                            fit_intercept=True, lambda_1=1e-06,
                                            lambda_2=1e-06, lambda_init=None,
                                            n_iter=300, normalize=False,
                                            tol=0.001, verbose=False),
                    sp=1, window_length=10)
2021-11-10 17:39:45,960:INFO:create_model() successfully completed......................................
2021-11-10 17:39:46,053:INFO:SubProcess create_model() end ==================================
2021-11-10 17:39:46,053:INFO:Creating metrics dataframe
2021-11-10 17:39:46,069:INFO:Initializing Huber w/ Cond. Deseasonalize & Detrending
2021-11-10 17:39:46,069:INFO:Total runtime is 1.4880325198173523 minutes
2021-11-10 17:39:46,076:INFO:SubProcess create_model() called ==================================
2021-11-10 17:39:46,076:INFO:Initializing create_model()
2021-11-10 17:39:46,076:INFO:create_model(self=<pycaret.internal.pycaret_experiment.time_series_experiment.TimeSeriesExperiment object at 0x00000207048B9AC0>, estimator=huber_cds_dt, fold=None, round=4, cross_validation=True, predict=True, fit_kwargs={}, groups=None, refit=False, verbose=False, system=False, add_to_model_list=True, metrics=None, display=<pycaret.internal.Display.Display object at 0x000002070534D8E0>, kwargs={})
2021-11-10 17:39:46,076:INFO:Checking exceptions
2021-11-10 17:39:46,076:INFO:Importing libraries
2021-11-10 17:39:46,076:INFO:Copying training dataset
2021-11-10 17:39:46,077:INFO:Defining folds
2021-11-10 17:39:46,077:INFO:Declaring metric variables
2021-11-10 17:39:46,083:INFO:Importing untrained model
2021-11-10 17:39:46,089:INFO:Huber w/ Cond. Deseasonalize & Detrending Imported successfully
2021-11-10 17:39:46,103:INFO:Starting cross validation
2021-11-10 17:39:46,103:INFO:Cross validating with ExpandingWindowSplitter(fh=array([ 1,  2,  3,  4,  5,  6,  7,  8,  9, 10, 11, 12]),
            initial_window=None, step_length=12), n_jobs=-1
2021-11-10 17:39:46,153:INFO:Calculating mean and std
2021-11-10 17:39:46,153:INFO:Creating metrics dataframe
2021-11-10 17:39:46,159:INFO:Uploading results into container
2021-11-10 17:39:46,159:INFO:Uploading model into container now
2021-11-10 17:39:46,159:INFO:master_model_container: 16
2021-11-10 17:39:46,159:INFO:display_container: 2
2021-11-10 17:39:46,160:INFO:BaseCdsDtForecaster(degree=1, deseasonal_model='additive',
                    regressor=HuberRegressor(alpha=0.0001, epsilon=1.35,
                                             fit_intercept=True, max_iter=100,
                                             tol=1e-05, warm_start=False),
                    sp=1, window_length=10)
2021-11-10 17:39:46,160:INFO:create_model() successfully completed......................................
2021-11-10 17:39:46,240:INFO:SubProcess create_model() end ==================================
2021-11-10 17:39:46,240:INFO:Creating metrics dataframe
2021-11-10 17:39:46,256:INFO:Initializing Passive Aggressive w/ Cond. Deseasonalize & Detrending
2021-11-10 17:39:46,256:INFO:Total runtime is 1.4911592483520508 minutes
2021-11-10 17:39:46,264:INFO:SubProcess create_model() called ==================================
2021-11-10 17:39:46,264:INFO:Initializing create_model()
2021-11-10 17:39:46,264:INFO:create_model(self=<pycaret.internal.pycaret_experiment.time_series_experiment.TimeSeriesExperiment object at 0x00000207048B9AC0>, estimator=par_cds_dt, fold=None, round=4, cross_validation=True, predict=True, fit_kwargs={}, groups=None, refit=False, verbose=False, system=False, add_to_model_list=True, metrics=None, display=<pycaret.internal.Display.Display object at 0x000002070534D8E0>, kwargs={})
2021-11-10 17:39:46,264:INFO:Checking exceptions
2021-11-10 17:39:46,264:INFO:Importing libraries
2021-11-10 17:39:46,264:INFO:Copying training dataset
2021-11-10 17:39:46,265:INFO:Defining folds
2021-11-10 17:39:46,265:INFO:Declaring metric variables
2021-11-10 17:39:46,271:INFO:Importing untrained model
2021-11-10 17:39:46,277:INFO:Passive Aggressive w/ Cond. Deseasonalize & Detrending Imported successfully
2021-11-10 17:39:46,290:INFO:Starting cross validation
2021-11-10 17:39:46,290:INFO:Cross validating with ExpandingWindowSplitter(fh=array([ 1,  2,  3,  4,  5,  6,  7,  8,  9, 10, 11, 12]),
            initial_window=None, step_length=12), n_jobs=-1
2021-11-10 17:39:46,314:INFO:Calculating mean and std
2021-11-10 17:39:46,315:INFO:Creating metrics dataframe
2021-11-10 17:39:46,320:INFO:Uploading results into container
2021-11-10 17:39:46,320:INFO:Uploading model into container now
2021-11-10 17:39:46,320:INFO:master_model_container: 17
2021-11-10 17:39:46,320:INFO:display_container: 2
2021-11-10 17:39:46,321:INFO:BaseCdsDtForecaster(degree=1, deseasonal_model='additive',
                    regressor=PassiveAggressiveRegressor(C=1.0, average=False,
                                                         early_stopping=False,
                                                         epsilon=0.1,
                                                         fit_intercept=True,
                                                         loss='epsilon_insensitive',
                                                         max_iter=1000,
                                                         n_iter_no_change=5,
                                                         random_state=2864,
                                                         shuffle=True,
                                                         tol=0.001,
                                                         validation_fraction=0.1,
                                                         verbose=0,
                                                         warm_start=False),
                    sp=1, window_length=10)
2021-11-10 17:39:46,321:INFO:create_model() successfully completed......................................
2021-11-10 17:39:46,386:INFO:SubProcess create_model() end ==================================
2021-11-10 17:39:46,386:INFO:Creating metrics dataframe
2021-11-10 17:39:46,403:INFO:Initializing Orthogonal Matching Pursuit w/ Cond. Deseasonalize & Detrending
2021-11-10 17:39:46,403:INFO:Total runtime is 1.4936070521672566 minutes
2021-11-10 17:39:46,403:INFO:SubProcess create_model() called ==================================
2021-11-10 17:39:46,403:INFO:Initializing create_model()
2021-11-10 17:39:46,403:INFO:create_model(self=<pycaret.internal.pycaret_experiment.time_series_experiment.TimeSeriesExperiment object at 0x00000207048B9AC0>, estimator=omp_cds_dt, fold=None, round=4, cross_validation=True, predict=True, fit_kwargs={}, groups=None, refit=False, verbose=False, system=False, add_to_model_list=True, metrics=None, display=<pycaret.internal.Display.Display object at 0x000002070534D8E0>, kwargs={})
2021-11-10 17:39:46,403:INFO:Checking exceptions
2021-11-10 17:39:46,403:INFO:Importing libraries
2021-11-10 17:39:46,403:INFO:Copying training dataset
2021-11-10 17:39:46,419:INFO:Defining folds
2021-11-10 17:39:46,419:INFO:Declaring metric variables
2021-11-10 17:39:46,419:INFO:Importing untrained model
2021-11-10 17:39:46,419:INFO:Orthogonal Matching Pursuit w/ Cond. Deseasonalize & Detrending Imported successfully
2021-11-10 17:39:46,435:INFO:Starting cross validation
2021-11-10 17:39:46,444:INFO:Cross validating with ExpandingWindowSplitter(fh=array([ 1,  2,  3,  4,  5,  6,  7,  8,  9, 10, 11, 12]),
            initial_window=None, step_length=12), n_jobs=-1
2021-11-10 17:39:46,467:INFO:Calculating mean and std
2021-11-10 17:39:46,467:INFO:Creating metrics dataframe
2021-11-10 17:39:46,472:INFO:Uploading results into container
2021-11-10 17:39:46,472:INFO:Uploading model into container now
2021-11-10 17:39:46,473:INFO:master_model_container: 18
2021-11-10 17:39:46,473:INFO:display_container: 2
2021-11-10 17:39:46,473:INFO:BaseCdsDtForecaster(degree=1, deseasonal_model='additive',
                    regressor=OrthogonalMatchingPursuit(fit_intercept=True,
                                                        n_nonzero_coefs=None,
                                                        normalize=True,
                                                        precompute='auto',
                                                        tol=None),
                    sp=1, window_length=10)
2021-11-10 17:39:46,473:INFO:create_model() successfully completed......................................
2021-11-10 17:39:46,542:INFO:SubProcess create_model() end ==================================
2021-11-10 17:39:46,542:INFO:Creating metrics dataframe
2021-11-10 17:39:46,566:INFO:Initializing K Neighbors w/ Cond. Deseasonalize & Detrending
2021-11-10 17:39:46,566:INFO:Total runtime is 1.496318797270457 minutes
2021-11-10 17:39:46,573:INFO:SubProcess create_model() called ==================================
2021-11-10 17:39:46,573:INFO:Initializing create_model()
2021-11-10 17:39:46,573:INFO:create_model(self=<pycaret.internal.pycaret_experiment.time_series_experiment.TimeSeriesExperiment object at 0x00000207048B9AC0>, estimator=knn_cds_dt, fold=None, round=4, cross_validation=True, predict=True, fit_kwargs={}, groups=None, refit=False, verbose=False, system=False, add_to_model_list=True, metrics=None, display=<pycaret.internal.Display.Display object at 0x000002070534D8E0>, kwargs={})
2021-11-10 17:39:46,574:INFO:Checking exceptions
2021-11-10 17:39:46,574:INFO:Importing libraries
2021-11-10 17:39:46,574:INFO:Copying training dataset
2021-11-10 17:39:46,574:INFO:Defining folds
2021-11-10 17:39:46,574:INFO:Declaring metric variables
2021-11-10 17:39:46,580:INFO:Importing untrained model
2021-11-10 17:39:46,587:INFO:K Neighbors w/ Cond. Deseasonalize & Detrending Imported successfully
2021-11-10 17:39:46,601:INFO:Starting cross validation
2021-11-10 17:39:46,601:INFO:Cross validating with ExpandingWindowSplitter(fh=array([ 1,  2,  3,  4,  5,  6,  7,  8,  9, 10, 11, 12]),
            initial_window=None, step_length=12), n_jobs=-1
2021-11-10 17:39:46,679:INFO:Calculating mean and std
2021-11-10 17:39:46,680:INFO:Creating metrics dataframe
2021-11-10 17:39:46,685:INFO:Uploading results into container
2021-11-10 17:39:46,685:INFO:Uploading model into container now
2021-11-10 17:39:46,686:INFO:master_model_container: 19
2021-11-10 17:39:46,686:INFO:display_container: 2
2021-11-10 17:39:46,686:INFO:BaseCdsDtForecaster(degree=1, deseasonal_model='additive',
                    regressor=KNeighborsRegressor(algorithm='auto',
                                                  leaf_size=30,
                                                  metric='minkowski',
                                                  metric_params=None, n_jobs=-1,
                                                  n_neighbors=5, p=2,
                                                  weights='uniform'),
                    sp=1, window_length=10)
2021-11-10 17:39:46,686:INFO:create_model() successfully completed......................................
2021-11-10 17:39:46,785:INFO:SubProcess create_model() end ==================================
2021-11-10 17:39:46,785:INFO:Creating metrics dataframe
2021-11-10 17:39:46,802:INFO:Initializing Decision Tree w/ Cond. Deseasonalize & Detrending
2021-11-10 17:39:46,802:INFO:Total runtime is 1.5002448916435243 minutes
2021-11-10 17:39:46,808:INFO:SubProcess create_model() called ==================================
2021-11-10 17:39:46,809:INFO:Initializing create_model()
2021-11-10 17:39:46,809:INFO:create_model(self=<pycaret.internal.pycaret_experiment.time_series_experiment.TimeSeriesExperiment object at 0x00000207048B9AC0>, estimator=dt_cds_dt, fold=None, round=4, cross_validation=True, predict=True, fit_kwargs={}, groups=None, refit=False, verbose=False, system=False, add_to_model_list=True, metrics=None, display=<pycaret.internal.Display.Display object at 0x000002070534D8E0>, kwargs={})
2021-11-10 17:39:46,809:INFO:Checking exceptions
2021-11-10 17:39:46,809:INFO:Importing libraries
2021-11-10 17:39:46,809:INFO:Copying training dataset
2021-11-10 17:39:46,809:INFO:Defining folds
2021-11-10 17:39:46,810:INFO:Declaring metric variables
2021-11-10 17:39:46,814:INFO:Importing untrained model
2021-11-10 17:39:46,821:INFO:Decision Tree w/ Cond. Deseasonalize & Detrending Imported successfully
2021-11-10 17:39:46,834:INFO:Starting cross validation
2021-11-10 17:39:46,834:INFO:Cross validating with ExpandingWindowSplitter(fh=array([ 1,  2,  3,  4,  5,  6,  7,  8,  9, 10, 11, 12]),
            initial_window=None, step_length=12), n_jobs=-1
2021-11-10 17:39:46,859:INFO:Calculating mean and std
2021-11-10 17:39:46,860:INFO:Creating metrics dataframe
2021-11-10 17:39:46,865:INFO:Uploading results into container
2021-11-10 17:39:46,866:INFO:Uploading model into container now
2021-11-10 17:39:46,866:INFO:master_model_container: 20
2021-11-10 17:39:46,866:INFO:display_container: 2
2021-11-10 17:39:46,867:INFO:BaseCdsDtForecaster(degree=1, deseasonal_model='additive',
                    regressor=DecisionTreeRegressor(ccp_alpha=0.0,
                                                    criterion='mse',
                                                    max_depth=None,
                                                    max_features=None,
                                                    max_leaf_nodes=None,
                                                    min_impurity_decrease=0.0,
                                                    min_impurity_split=None,
                                                    min_samples_leaf=1,
                                                    min_samples_split=2,
                                                    min_weight_fraction_leaf=0.0,
                                                    presort='deprecated',
                                                    random_state=2864,
                                                    splitter='best'),
                    sp=1, window_length=10)
2021-11-10 17:39:46,867:INFO:create_model() successfully completed......................................
2021-11-10 17:39:46,963:INFO:SubProcess create_model() end ==================================
2021-11-10 17:39:46,963:INFO:Creating metrics dataframe
2021-11-10 17:39:46,979:INFO:Initializing Random Forest w/ Cond. Deseasonalize & Detrending
2021-11-10 17:39:46,979:INFO:Total runtime is 1.5032063086827596 minutes
2021-11-10 17:39:46,986:INFO:SubProcess create_model() called ==================================
2021-11-10 17:39:46,986:INFO:Initializing create_model()
2021-11-10 17:39:46,986:INFO:create_model(self=<pycaret.internal.pycaret_experiment.time_series_experiment.TimeSeriesExperiment object at 0x00000207048B9AC0>, estimator=rf_cds_dt, fold=None, round=4, cross_validation=True, predict=True, fit_kwargs={}, groups=None, refit=False, verbose=False, system=False, add_to_model_list=True, metrics=None, display=<pycaret.internal.Display.Display object at 0x000002070534D8E0>, kwargs={})
2021-11-10 17:39:46,986:INFO:Checking exceptions
2021-11-10 17:39:46,986:INFO:Importing libraries
2021-11-10 17:39:46,986:INFO:Copying training dataset
2021-11-10 17:39:46,987:INFO:Defining folds
2021-11-10 17:39:46,987:INFO:Declaring metric variables
2021-11-10 17:39:46,993:INFO:Importing untrained model
2021-11-10 17:39:46,999:INFO:Random Forest w/ Cond. Deseasonalize & Detrending Imported successfully
2021-11-10 17:39:47,012:INFO:Starting cross validation
2021-11-10 17:39:47,013:INFO:Cross validating with ExpandingWindowSplitter(fh=array([ 1,  2,  3,  4,  5,  6,  7,  8,  9, 10, 11, 12]),
            initial_window=None, step_length=12), n_jobs=-1
2021-11-10 17:39:47,328:INFO:Calculating mean and std
2021-11-10 17:39:47,329:INFO:Creating metrics dataframe
2021-11-10 17:39:47,336:INFO:Uploading results into container
2021-11-10 17:39:47,336:INFO:Uploading model into container now
2021-11-10 17:39:47,336:INFO:master_model_container: 21
2021-11-10 17:39:47,336:INFO:display_container: 2
2021-11-10 17:39:47,338:INFO:BaseCdsDtForecaster(degree=1, deseasonal_model='additive',
                    regressor=RandomForestRegressor(bootstrap=True,
                                                    ccp_alpha=0.0,
                                                    criterion='mse',
                                                    max_depth=None,
                                                    max_features='auto',
                                                    max_leaf_nodes=None,
                                                    max_samples=None,
                                                    min_impurity_decrease=0.0,
                                                    min_impurity_split=None,
                                                    min_samples_leaf=1,
                                                    min_samples_split=2,
                                                    min_weight_fraction_leaf=0.0,
                                                    n_estimators=100, n_jobs=-1,
                                                    oob_score=False,
                                                    random_state=2864,
                                                    verbose=0,
                                                    warm_start=False),
                    sp=1, window_length=10)
2021-11-10 17:39:47,338:INFO:create_model() successfully completed......................................
2021-11-10 17:39:47,454:INFO:SubProcess create_model() end ==================================
2021-11-10 17:39:47,454:INFO:Creating metrics dataframe
2021-11-10 17:39:47,472:INFO:Initializing Extra Trees w/ Cond. Deseasonalize & Detrending
2021-11-10 17:39:47,472:INFO:Total runtime is 1.511422610282898 minutes
2021-11-10 17:39:47,480:INFO:SubProcess create_model() called ==================================
2021-11-10 17:39:47,480:INFO:Initializing create_model()
2021-11-10 17:39:47,480:INFO:create_model(self=<pycaret.internal.pycaret_experiment.time_series_experiment.TimeSeriesExperiment object at 0x00000207048B9AC0>, estimator=et_cds_dt, fold=None, round=4, cross_validation=True, predict=True, fit_kwargs={}, groups=None, refit=False, verbose=False, system=False, add_to_model_list=True, metrics=None, display=<pycaret.internal.Display.Display object at 0x000002070534D8E0>, kwargs={})
2021-11-10 17:39:47,480:INFO:Checking exceptions
2021-11-10 17:39:47,480:INFO:Importing libraries
2021-11-10 17:39:47,481:INFO:Copying training dataset
2021-11-10 17:39:47,481:INFO:Defining folds
2021-11-10 17:39:47,481:INFO:Declaring metric variables
2021-11-10 17:39:47,487:INFO:Importing untrained model
2021-11-10 17:39:47,495:INFO:Extra Trees w/ Cond. Deseasonalize & Detrending Imported successfully
2021-11-10 17:39:47,510:INFO:Starting cross validation
2021-11-10 17:39:47,511:INFO:Cross validating with ExpandingWindowSplitter(fh=array([ 1,  2,  3,  4,  5,  6,  7,  8,  9, 10, 11, 12]),
            initial_window=None, step_length=12), n_jobs=-1
2021-11-10 17:39:47,782:INFO:Calculating mean and std
2021-11-10 17:39:47,783:INFO:Creating metrics dataframe
2021-11-10 17:39:47,789:INFO:Uploading results into container
2021-11-10 17:39:47,789:INFO:Uploading model into container now
2021-11-10 17:39:47,790:INFO:master_model_container: 22
2021-11-10 17:39:47,790:INFO:display_container: 2
2021-11-10 17:39:47,791:INFO:BaseCdsDtForecaster(degree=1, deseasonal_model='additive',
                    regressor=ExtraTreesRegressor(bootstrap=False,
                                                  ccp_alpha=0.0,
                                                  criterion='mse',
                                                  max_depth=None,
                                                  max_features='auto',
                                                  max_leaf_nodes=None,
                                                  max_samples=None,
                                                  min_impurity_decrease=0.0,
                                                  min_impurity_split=None,
                                                  min_samples_leaf=1,
                                                  min_samples_split=2,
                                                  min_weight_fraction_leaf=0.0,
                                                  n_estimators=100, n_jobs=-1,
                                                  oob_score=False,
                                                  random_state=2864, verbose=0,
                                                  warm_start=False),
                    sp=1, window_length=10)
2021-11-10 17:39:47,791:INFO:create_model() successfully completed......................................
2021-11-10 17:39:47,905:INFO:SubProcess create_model() end ==================================
2021-11-10 17:39:47,905:INFO:Creating metrics dataframe
2021-11-10 17:39:47,924:INFO:Initializing Gradient Boosting w/ Cond. Deseasonalize & Detrending
2021-11-10 17:39:47,924:INFO:Total runtime is 1.5189475218454997 minutes
2021-11-10 17:39:47,932:INFO:SubProcess create_model() called ==================================
2021-11-10 17:39:47,932:INFO:Initializing create_model()
2021-11-10 17:39:47,932:INFO:create_model(self=<pycaret.internal.pycaret_experiment.time_series_experiment.TimeSeriesExperiment object at 0x00000207048B9AC0>, estimator=gbr_cds_dt, fold=None, round=4, cross_validation=True, predict=True, fit_kwargs={}, groups=None, refit=False, verbose=False, system=False, add_to_model_list=True, metrics=None, display=<pycaret.internal.Display.Display object at 0x000002070534D8E0>, kwargs={})
2021-11-10 17:39:47,932:INFO:Checking exceptions
2021-11-10 17:39:47,932:INFO:Importing libraries
2021-11-10 17:39:47,933:INFO:Copying training dataset
2021-11-10 17:39:47,933:INFO:Defining folds
2021-11-10 17:39:47,933:INFO:Declaring metric variables
2021-11-10 17:39:47,939:INFO:Importing untrained model
2021-11-10 17:39:47,946:INFO:Gradient Boosting w/ Cond. Deseasonalize & Detrending Imported successfully
2021-11-10 17:39:47,959:INFO:Starting cross validation
2021-11-10 17:39:47,959:INFO:Cross validating with ExpandingWindowSplitter(fh=array([ 1,  2,  3,  4,  5,  6,  7,  8,  9, 10, 11, 12]),
            initial_window=None, step_length=12), n_jobs=-1
2021-11-10 17:39:48,056:INFO:Calculating mean and std
2021-11-10 17:39:48,057:INFO:Creating metrics dataframe
2021-11-10 17:39:48,062:INFO:Uploading results into container
2021-11-10 17:39:48,063:INFO:Uploading model into container now
2021-11-10 17:39:48,063:INFO:master_model_container: 23
2021-11-10 17:39:48,063:INFO:display_container: 2
2021-11-10 17:39:48,064:INFO:BaseCdsDtForecaster(degree=1, deseasonal_model='additive',
                    regressor=GradientBoostingRegressor(alpha=0.9,
                                                        ccp_alpha=0.0,
                                                        criterion='friedman_mse',
                                                        init=None,
                                                        learning_rate=0.1,
                                                        loss='ls', max_depth=3,
                                                        max_features=None,
                                                        max_leaf_nodes=None,
                                                        min_impurity_decrease=0.0,
                                                        min_impurity_split=None,
                                                        min_samples_leaf=1,
                                                        min_samples_split=2,
                                                        min_weight_fraction_leaf=0.0,
                                                        n_estimators=100,
                                                        n_iter_no_change=None,
                                                        presort='deprecated',
                                                        random_state=2864,
                                                        subsample=1.0,
                                                        tol=0.0001,
                                                        validation_fraction=0.1,
                                                        verbose=0,
                                                        warm_start=False),
                    sp=1, window_length=10)
2021-11-10 17:39:48,064:INFO:create_model() successfully completed......................................
2021-11-10 17:39:48,155:INFO:SubProcess create_model() end ==================================
2021-11-10 17:39:48,155:INFO:Creating metrics dataframe
2021-11-10 17:39:48,172:INFO:Initializing AdaBoost w/ Cond. Deseasonalize & Detrending
2021-11-10 17:39:48,172:INFO:Total runtime is 1.5230870763460795 minutes
2021-11-10 17:39:48,179:INFO:SubProcess create_model() called ==================================
2021-11-10 17:39:48,179:INFO:Initializing create_model()
2021-11-10 17:39:48,179:INFO:create_model(self=<pycaret.internal.pycaret_experiment.time_series_experiment.TimeSeriesExperiment object at 0x00000207048B9AC0>, estimator=ada_cds_dt, fold=None, round=4, cross_validation=True, predict=True, fit_kwargs={}, groups=None, refit=False, verbose=False, system=False, add_to_model_list=True, metrics=None, display=<pycaret.internal.Display.Display object at 0x000002070534D8E0>, kwargs={})
2021-11-10 17:39:48,179:INFO:Checking exceptions
2021-11-10 17:39:48,179:INFO:Importing libraries
2021-11-10 17:39:48,179:INFO:Copying training dataset
2021-11-10 17:39:48,180:INFO:Defining folds
2021-11-10 17:39:48,180:INFO:Declaring metric variables
2021-11-10 17:39:48,186:INFO:Importing untrained model
2021-11-10 17:39:48,192:INFO:AdaBoost w/ Cond. Deseasonalize & Detrending Imported successfully
2021-11-10 17:39:48,205:INFO:Starting cross validation
2021-11-10 17:39:48,205:INFO:Cross validating with ExpandingWindowSplitter(fh=array([ 1,  2,  3,  4,  5,  6,  7,  8,  9, 10, 11, 12]),
            initial_window=None, step_length=12), n_jobs=-1
2021-11-10 17:39:48,343:INFO:Calculating mean and std
2021-11-10 17:39:48,344:INFO:Creating metrics dataframe
2021-11-10 17:39:48,349:INFO:Uploading results into container
2021-11-10 17:39:48,349:INFO:Uploading model into container now
2021-11-10 17:39:48,349:INFO:master_model_container: 24
2021-11-10 17:39:48,350:INFO:display_container: 2
2021-11-10 17:39:48,350:INFO:BaseCdsDtForecaster(degree=1, deseasonal_model='additive',
                    regressor=AdaBoostRegressor(base_estimator=None,
                                                learning_rate=1.0,
                                                loss='linear', n_estimators=50,
                                                random_state=2864),
                    sp=1, window_length=10)
2021-11-10 17:39:48,350:INFO:create_model() successfully completed......................................
2021-11-10 17:39:48,432:INFO:SubProcess create_model() end ==================================
2021-11-10 17:39:48,432:INFO:Creating metrics dataframe
2021-11-10 17:39:48,449:INFO:Initializing Light Gradient Boosting w/ Cond. Deseasonalize & Detrending
2021-11-10 17:39:48,449:INFO:Total runtime is 1.527695902188619 minutes
2021-11-10 17:39:48,449:INFO:SubProcess create_model() called ==================================
2021-11-10 17:39:48,449:INFO:Initializing create_model()
2021-11-10 17:39:48,449:INFO:create_model(self=<pycaret.internal.pycaret_experiment.time_series_experiment.TimeSeriesExperiment object at 0x00000207048B9AC0>, estimator=lightgbm_cds_dt, fold=None, round=4, cross_validation=True, predict=True, fit_kwargs={}, groups=None, refit=False, verbose=False, system=False, add_to_model_list=True, metrics=None, display=<pycaret.internal.Display.Display object at 0x000002070534D8E0>, kwargs={})
2021-11-10 17:39:48,449:INFO:Checking exceptions
2021-11-10 17:39:48,449:INFO:Importing libraries
2021-11-10 17:39:48,449:INFO:Copying training dataset
2021-11-10 17:39:48,449:INFO:Defining folds
2021-11-10 17:39:48,449:INFO:Declaring metric variables
2021-11-10 17:39:48,449:INFO:Importing untrained model
2021-11-10 17:39:48,464:INFO:Light Gradient Boosting w/ Cond. Deseasonalize & Detrending Imported successfully
2021-11-10 17:39:48,480:INFO:Starting cross validation
2021-11-10 17:39:48,480:INFO:Cross validating with ExpandingWindowSplitter(fh=array([ 1,  2,  3,  4,  5,  6,  7,  8,  9, 10, 11, 12]),
            initial_window=None, step_length=12), n_jobs=-1
2021-11-10 17:39:48,510:INFO:Calculating mean and std
2021-11-10 17:39:48,510:INFO:Creating metrics dataframe
2021-11-10 17:39:48,526:INFO:Uploading results into container
2021-11-10 17:39:48,526:INFO:Uploading model into container now
2021-11-10 17:39:48,526:INFO:master_model_container: 25
2021-11-10 17:39:48,526:INFO:display_container: 2
2021-11-10 17:39:48,526:INFO:BaseCdsDtForecaster(degree=1, deseasonal_model='additive',
                    regressor=LGBMRegressor(boosting_type='gbdt',
                                            class_weight=None,
                                            colsample_bytree=1.0,
                                            importance_type='split',
                                            learning_rate=0.1, max_depth=-1,
                                            min_child_samples=20,
                                            min_child_weight=0.001,
                                            min_split_gain=0.0,
                                            n_estimators=100, n_jobs=-1,
                                            num_leaves=31, objective=None,
                                            random_state=2864, reg_alpha=0.0,
                                            reg_lambda=0.0, silent='warn',
                                            subsample=1.0,
                                            subsample_for_bin=200000,
                                            subsample_freq=0),
                    sp=1, window_length=10)
2021-11-10 17:39:48,526:INFO:create_model() successfully completed......................................
2021-11-10 17:39:48,622:INFO:SubProcess create_model() end ==================================
2021-11-10 17:39:48,622:INFO:Creating metrics dataframe
2021-11-10 17:39:48,653:INFO:Initializing create_model()
2021-11-10 17:39:48,653:INFO:create_model(self=<pycaret.internal.pycaret_experiment.time_series_experiment.TimeSeriesExperiment object at 0x00000207048B9AC0>, estimator=AutoARIMA(D=None, alpha=0.05, d=None, error_action='warn',
          information_criterion='aic', max_D=1, max_P=2, max_Q=2, max_d=2,
          max_order=5, max_p=5, max_q=5, maxiter=50, method='lbfgs', n_fits=10,
          n_jobs=1, offset_test_args=None, out_of_sample_size=0, random=False,
          random_state=2864, scoring='mse', scoring_args=None, seasonal=True,
          seasonal_test='ocsb', seasonal_test_args=None, sp=12, start_P=1,
          start_Q=1, start_p=2, start_params=None, ...), fold=None, round=4, cross_validation=False, predict=False, fit_kwargs={}, groups=None, refit=True, verbose=False, system=False, add_to_model_list=True, metrics=None, display=None, kwargs={})
2021-11-10 17:39:48,653:INFO:Checking exceptions
2021-11-10 17:39:48,653:INFO:Importing libraries
2021-11-10 17:39:48,653:INFO:Copying training dataset
2021-11-10 17:39:48,653:INFO:Defining folds
2021-11-10 17:39:48,653:INFO:Declaring metric variables
2021-11-10 17:39:48,653:INFO:Importing untrained model
2021-11-10 17:39:48,653:INFO:Declaring custom model
2021-11-10 17:39:48,653:INFO:Auto ARIMA Imported successfully
2021-11-10 17:39:48,653:INFO:Support for Exogenous variables not yet supported. Switching X, y order
2021-11-10 17:39:48,653:INFO:Cross validation set to False
2021-11-10 17:39:48,653:INFO:Fitting Model
2021-11-10 17:40:27,369:INFO:AutoARIMA(D=None, alpha=0.05, d=None, error_action='warn',
          information_criterion='aic', max_D=1, max_P=2, max_Q=2, max_d=2,
          max_order=5, max_p=5, max_q=5, maxiter=50, method='lbfgs', n_fits=10,
          n_jobs=1, offset_test_args=None, out_of_sample_size=0, random=False,
          random_state=2864, scoring='mse', scoring_args=None, seasonal=True,
          seasonal_test='ocsb', seasonal_test_args=None, sp=12, start_P=1,
          start_Q=1, start_p=2, start_params=None, ...)
2021-11-10 17:40:27,369:INFO:create_models() successfully completed......................................
2021-11-10 17:40:27,524:INFO:master_model_container: 25
2021-11-10 17:40:27,524:INFO:display_container: 2
2021-11-10 17:40:27,525:INFO:AutoARIMA(D=None, alpha=0.05, d=None, error_action='warn',
          information_criterion='aic', max_D=1, max_P=2, max_Q=2, max_d=2,
          max_order=5, max_p=5, max_q=5, maxiter=50, method='lbfgs', n_fits=10,
          n_jobs=1, offset_test_args=None, out_of_sample_size=0, random=False,
          random_state=2864, scoring='mse', scoring_args=None, seasonal=True,
          seasonal_test='ocsb', seasonal_test_args=None, sp=12, start_P=1,
          start_Q=1, start_p=2, start_params=None, ...)
2021-11-10 17:40:27,525:INFO:compare_models() successfully completed......................................
2021-11-10 17:42:45,940:INFO:Initializing create_model()
2021-11-10 17:42:45,940:INFO:create_model(self=<pycaret.internal.pycaret_experiment.time_series_experiment.TimeSeriesExperiment object at 0x00000207048B9AC0>, estimator=auto_arima, fold=None, round=4, cross_validation=True, predict=True, fit_kwargs=None, groups=None, refit=True, verbose=True, system=True, add_to_model_list=True, metrics=None, display=None, kwargs={})
2021-11-10 17:42:45,941:INFO:Checking exceptions
2021-11-10 17:42:45,941:INFO:Preparing display monitor
2021-11-10 17:42:45,954:INFO:Importing libraries
2021-11-10 17:42:45,954:INFO:Copying training dataset
2021-11-10 17:42:45,955:INFO:Defining folds
2021-11-10 17:42:45,955:INFO:Declaring metric variables
2021-11-10 17:42:45,960:INFO:Importing untrained model
2021-11-10 17:42:45,966:INFO:Auto ARIMA Imported successfully
2021-11-10 17:42:45,979:INFO:Starting cross validation
2021-11-10 17:42:45,980:INFO:Cross validating with ExpandingWindowSplitter(fh=array([ 1,  2,  3,  4,  5,  6,  7,  8,  9, 10, 11, 12]),
            initial_window=None, step_length=12), n_jobs=-1
2021-11-10 17:44:03,179:INFO:Calculating mean and std
2021-11-10 17:44:03,179:INFO:Creating metrics dataframe
2021-11-10 17:44:03,185:INFO:Finalizing model
2021-11-10 17:44:45,387:INFO:Uploading results into container
2021-11-10 17:44:45,387:INFO:Uploading model into container now
2021-11-10 17:44:45,402:INFO:master_model_container: 26
2021-11-10 17:44:45,402:INFO:display_container: 3
2021-11-10 17:44:45,403:INFO:AutoARIMA(D=None, alpha=0.05, d=None, error_action='warn',
          information_criterion='aic', max_D=1, max_P=2, max_Q=2, max_d=2,
          max_order=5, max_p=5, max_q=5, maxiter=50, method='lbfgs', n_fits=10,
          n_jobs=1, offset_test_args=None, out_of_sample_size=0, random=False,
          random_state=2864, scoring='mse', scoring_args=None, seasonal=True,
          seasonal_test='ocsb', seasonal_test_args=None, sp=12, start_P=1,
          start_Q=1, start_p=2, start_params=None, ...)
2021-11-10 17:44:45,403:INFO:create_model() successfully completed......................................
2021-11-10 17:54:44,268:INFO:Visual Rendered Successfully
2021-11-10 17:55:54,711:INFO:Visual Rendered Successfully
2021-11-10 17:57:01,151:INFO:Initializing finalize_model()
2021-11-10 17:57:01,151:INFO:finalize_model(self=<pycaret.internal.pycaret_experiment.time_series_experiment.TimeSeriesExperiment object at 0x00000207048B9AC0>, estimator=AutoARIMA(D=None, alpha=0.05, d=None, error_action='warn',
          information_criterion='aic', max_D=1, max_P=2, max_Q=2, max_d=2,
          max_order=5, max_p=5, max_q=5, maxiter=50, method='lbfgs', n_fits=10,
          n_jobs=1, offset_test_args=None, out_of_sample_size=0, random=False,
          random_state=2864, scoring='mse', scoring_args=None, seasonal=True,
          seasonal_test='ocsb', seasonal_test_args=None, sp=12, start_P=1,
          start_Q=1, start_p=2, start_params=None, ...), fit_kwargs=None, groups=None, model_only=True, display=None)
2021-11-10 17:57:01,152:INFO:Finalizing AutoARIMA(D=None, alpha=0.05, d=None, error_action='warn',
          information_criterion='aic', max_D=1, max_P=2, max_Q=2, max_d=2,
          max_order=5, max_p=5, max_q=5, maxiter=50, method='lbfgs', n_fits=10,
          n_jobs=1, offset_test_args=None, out_of_sample_size=0, random=False,
          random_state=2864, scoring='mse', scoring_args=None, seasonal=True,
          seasonal_test='ocsb', seasonal_test_args=None, sp=12, start_P=1,
          start_Q=1, start_p=2, start_params=None, ...)
2021-11-10 17:57:01,153:INFO:Initializing create_model()
2021-11-10 17:57:01,153:INFO:create_model(self=<pycaret.internal.pycaret_experiment.time_series_experiment.TimeSeriesExperiment object at 0x00000207048B9AC0>, estimator=AutoARIMA(D=None, alpha=0.05, d=None, error_action='warn',
          information_criterion='aic', max_D=1, max_P=2, max_Q=2, max_d=2,
          max_order=5, max_p=5, max_q=5, maxiter=50, method='lbfgs', n_fits=10,
          n_jobs=1, offset_test_args=None, out_of_sample_size=0, random=False,
          random_state=2864, scoring='mse', scoring_args=None, seasonal=True,
          seasonal_test='ocsb', seasonal_test_args=None, sp=12, start_P=1,
          start_Q=1, start_p=2, start_params=None, ...), fold=None, round=4, cross_validation=True, predict=True, fit_kwargs={}, groups=None, refit=True, verbose=False, system=False, add_to_model_list=False, metrics=None, display=None, kwargs={})
2021-11-10 17:57:01,153:INFO:Checking exceptions
2021-11-10 17:57:01,153:INFO:Importing libraries
2021-11-10 17:57:01,153:INFO:Copying training dataset
2021-11-10 17:57:01,153:INFO:Defining folds
2021-11-10 17:57:01,153:INFO:Declaring metric variables
2021-11-10 17:57:01,153:INFO:Importing untrained model
2021-11-10 17:57:01,153:INFO:Declaring custom model
2021-11-10 17:57:01,154:INFO:Auto ARIMA Imported successfully
2021-11-10 17:57:01,155:INFO:Starting cross validation
2021-11-10 17:57:01,155:INFO:Cross validating with ExpandingWindowSplitter(fh=array([ 1,  2,  3,  4,  5,  6,  7,  8,  9, 10, 11, 12]),
            initial_window=None, step_length=12), n_jobs=-1
2021-11-10 17:58:25,327:INFO:Calculating mean and std
2021-11-10 17:58:25,327:INFO:Creating metrics dataframe
2021-11-10 17:58:25,331:INFO:Finalizing model
2021-11-10 17:58:43,023:INFO:Uploading results into container
2021-11-10 17:58:43,023:INFO:master_model_container: 26
2021-11-10 17:58:43,023:INFO:display_container: 4
2021-11-10 17:58:43,024:INFO:AutoARIMA(D=None, alpha=0.05, d=None, error_action='warn',
          information_criterion='aic', max_D=1, max_P=2, max_Q=2, max_d=2,
          max_order=5, max_p=5, max_q=5, maxiter=50, method='lbfgs', n_fits=10,
          n_jobs=1, offset_test_args=None, out_of_sample_size=0, random=False,
          random_state=2864, scoring='mse', scoring_args=None, seasonal=True,
          seasonal_test='ocsb', seasonal_test_args=None, sp=12, start_P=1,
          start_Q=1, start_p=2, start_params=None, ...)
2021-11-10 17:58:43,024:INFO:create_model() successfully completed......................................
2021-11-10 17:58:43,133:INFO:master_model_container: 26
2021-11-10 17:58:43,133:INFO:display_container: 3
2021-11-10 17:58:43,134:INFO:AutoARIMA(D=None, alpha=0.05, d=None, error_action='warn',
          information_criterion='aic', max_D=1, max_P=2, max_Q=2, max_d=2,
          max_order=5, max_p=5, max_q=5, maxiter=50, method='lbfgs', n_fits=10,
          n_jobs=1, offset_test_args=None, out_of_sample_size=0, random=False,
          random_state=2864, scoring='mse', scoring_args=None, seasonal=True,
          seasonal_test='ocsb', seasonal_test_args=None, sp=12, start_P=1,
          start_Q=1, start_p=2, start_params=None, ...)
2021-11-10 17:58:43,134:INFO:finalize_model() succesfully completed......................................
2021-11-10 17:58:43,301:WARNING:predict_model >> No indices matched between test set and prediction. You are most likely calling predict_model after finalizing model. Metrics will not be displayed
2021-11-10 17:58:43,435:INFO:Visual Rendered Successfully
